<?xml version="1.0" encoding="UTF-8"?>
<coverage generated="1645747644615" clover="3.2.0">
  <project timestamp="1645747644615" name="All files">
    <metrics statements="39" coveredstatements="19" conditionals="0" coveredconditionals="0" methods="23" coveredmethods="6" elements="62" coveredelements="25" complexity="0" loc="39" ncloc="39" packages="3" files="7" classes="7"/>
    <package name="actions">
      <metrics statements="18" coveredstatements="7" conditionals="0" coveredconditionals="0" methods="10" coveredmethods="0"/>
      <file name="activePage.js" path="/Users/carolinasilva/Workspace/Dev-Academy/myVoice/client/actions/activePage.js">
        <metrics statements="2" coveredstatements="1" conditionals="0" coveredconditionals="0" methods="1" coveredmethods="0"/>
        <line num="1" count="1" type="stmt"/>
        <line num="4" count="0" type="stmt"/>
      </file>
      <file name="category.js" path="/Users/carolinasilva/Workspace/Dev-Academy/myVoice/client/actions/category.js">
        <metrics statements="10" coveredstatements="3" conditionals="0" coveredconditionals="0" methods="6" coveredmethods="0"/>
        <line num="3" count="1" type="stmt"/>
        <line num="4" count="1" type="stmt"/>
        <line num="5" count="1" type="stmt"/>
        <line num="8" count="0" type="stmt"/>
        <line num="15" count="0" type="stmt"/>
        <line num="22" count="0" type="stmt"/>
        <line num="28" count="0" type="stmt"/>
        <line num="29" count="0" type="stmt"/>
        <line num="31" count="0" type="stmt"/>
        <line num="32" count="0" type="stmt"/>
      </file>
      <file name="index.js" path="/Users/carolinasilva/Workspace/Dev-Academy/myVoice/client/actions/index.js">
        <metrics statements="0" coveredstatements="0" conditionals="0" coveredconditionals="0" methods="0" coveredmethods="0"/>
      </file>
      <file name="output.js" path="/Users/carolinasilva/Workspace/Dev-Academy/myVoice/client/actions/output.js">
        <metrics statements="6" coveredstatements="3" conditionals="0" coveredconditionals="0" methods="3" coveredmethods="0"/>
        <line num="1" count="1" type="stmt"/>
        <line num="2" count="1" type="stmt"/>
        <line num="3" count="1" type="stmt"/>
        <line num="6" count="0" type="stmt"/>
        <line num="13" count="0" type="stmt"/>
        <line num="20" count="0" type="stmt"/>
      </file>
    </package>
    <package name="apis">
      <metrics statements="5" coveredstatements="1" conditionals="0" coveredconditionals="0" methods="4" coveredmethods="0"/>
      <file name="api.js" path="/Users/carolinasilva/Workspace/Dev-Academy/myVoice/client/apis/api.js">
        <metrics statements="5" coveredstatements="1" conditionals="0" coveredconditionals="0" methods="4" coveredmethods="0"/>
        <line num="3" count="1" type="stmt"/>
        <line num="6" count="0" type="stmt"/>
        <line num="7" count="0" type="stmt"/>
        <line num="11" count="0" type="stmt"/>
        <line num="12" count="0" type="stmt"/>
      </file>
    </package>
    <package name="components">
      <metrics statements="16" coveredstatements="11" conditionals="0" coveredconditionals="0" methods="9" coveredmethods="6"/>
      <file name="DisplayCategory.jsx" path="/Users/carolinasilva/Workspace/Dev-Academy/myVoice/client/components/DisplayCategory.jsx">
        <metrics statements="9" coveredstatements="8" conditionals="0" coveredconditionals="0" methods="6" coveredmethods="5"/>
        <line num="8" count="3" type="stmt"/>
        <line num="9" count="2" type="stmt"/>
        <line num="11" count="2" type="stmt"/>
        <line num="12" count="1" type="stmt"/>
        <line num="14" count="1" type="stmt"/>
        <line num="15" count="1" type="stmt"/>
        <line num="17" count="0" type="stmt"/>
        <line num="20" count="2" type="stmt"/>
        <line num="23" count="2" type="stmt"/>
      </file>
      <file name="Item.jsx" path="/Users/carolinasilva/Workspace/Dev-Academy/myVoice/client/components/Item.jsx">
        <metrics statements="7" coveredstatements="3" conditionals="0" coveredconditionals="0" methods="3" coveredmethods="1"/>
        <line num="6" count="2" type="stmt"/>
        <line num="7" count="2" type="stmt"/>
        <line num="10" count="0" type="stmt"/>
        <line num="11" count="0" type="stmt"/>
        <line num="12" count="0" type="stmt"/>
        <line num="14" count="2" type="stmt"/>
        <line num="15" count="0" type="stmt"/>
      </file>
    </package>
  </project>
</coverage>
