{"/home/ben/projects/myVoice/client/actions/category.js": {"path":"/home/ben/projects/myVoice/client/actions/category.js","statementMap":{"0":{"start":{"line":3,"column":34},"end":{"line":3,"column":54}},"1":{"start":{"line":4,"column":28},"end":{"line":4,"column":42}},"2":{"start":{"line":5,"column":30},"end":{"line":5,"column":46}},"3":{"start":{"line":6,"column":29},"end":{"line":6,"column":44}},"4":{"start":{"line":9,"column":2},"end":{"line":12,"column":3}},"5":{"start":{"line":16,"column":2},"end":{"line":19,"column":3}},"6":{"start":{"line":23,"column":2},"end":{"line":25,"column":3}},"7":{"start":{"line":29,"column":2},"end":{"line":32,"column":3}},"8":{"start":{"line":36,"column":2},"end":{"line":42,"column":3}},"9":{"start":{"line":37,"column":4},"end":{"line":41,"column":8}},"10":{"start":{"line":39,"column":8},"end":{"line":39,"column":47}},"11":{"start":{"line":40,"column":8},"end":{"line":40,"column":19}},"12":{"start":{"line":46,"column":2},"end":{"line":52,"column":3}},"13":{"start":{"line":47,"column":4},"end":{"line":51,"column":8}},"14":{"start":{"line":49,"column":8},"end":{"line":49,"column":37}},"15":{"start":{"line":50,"column":8},"end":{"line":50,"column":19}}},"fnMap":{"0":{"name":"displayCategories","decl":{"start":{"line":8,"column":16},"end":{"line":8,"column":33}},"loc":{"start":{"line":8,"column":47},"end":{"line":13,"column":1}},"line":8},"1":{"name":"setCategory","decl":{"start":{"line":15,"column":16},"end":{"line":15,"column":27}},"loc":{"start":{"line":15,"column":39},"end":{"line":20,"column":1}},"line":15},"2":{"name":"clearCategory","decl":{"start":{"line":22,"column":16},"end":{"line":22,"column":29}},"loc":{"start":{"line":22,"column":33},"end":{"line":26,"column":1}},"line":22},"3":{"name":"displayItems","decl":{"start":{"line":28,"column":16},"end":{"line":28,"column":28}},"loc":{"start":{"line":28,"column":37},"end":{"line":33,"column":1}},"line":28},"4":{"name":"fetchCategories","decl":{"start":{"line":35,"column":16},"end":{"line":35,"column":31}},"loc":{"start":{"line":35,"column":35},"end":{"line":43,"column":1}},"line":35},"5":{"name":"(anonymous_5)","decl":{"start":{"line":36,"column":9},"end":{"line":36,"column":10}},"loc":{"start":{"line":36,"column":21},"end":{"line":42,"column":3}},"line":36},"6":{"name":"(anonymous_6)","decl":{"start":{"line":38,"column":12},"end":{"line":38,"column":13}},"loc":{"start":{"line":38,"column":26},"end":{"line":41,"column":7}},"line":38},"7":{"name":"fetchItems","decl":{"start":{"line":45,"column":16},"end":{"line":45,"column":26}},"loc":{"start":{"line":45,"column":32},"end":{"line":53,"column":1}},"line":45},"8":{"name":"(anonymous_8)","decl":{"start":{"line":46,"column":9},"end":{"line":46,"column":10}},"loc":{"start":{"line":46,"column":21},"end":{"line":52,"column":3}},"line":46},"9":{"name":"(anonymous_9)","decl":{"start":{"line":48,"column":12},"end":{"line":48,"column":13}},"loc":{"start":{"line":48,"column":21},"end":{"line":51,"column":7}},"line":48}},"branchMap":{},"s":{"0":1,"1":1,"2":1,"3":1,"4":2,"5":1,"6":1,"7":2,"8":1,"9":1,"10":1,"11":1,"12":1,"13":1,"14":1,"15":1},"f":{"0":2,"1":1,"2":1,"3":2,"4":1,"5":1,"6":1,"7":1,"8":1,"9":1},"b":{},"_coverageSchema":"1a1c01bbd47fc00a2c39e90264f33305004495a9","hash":"df664c23d56b306ec544551c1570dba9144c4005"}
,"/home/ben/projects/myVoice/client/apis/api.js": {"path":"/home/ben/projects/myVoice/client/apis/api.js","statementMap":{"0":{"start":{"line":3,"column":16},"end":{"line":3,"column":29}},"1":{"start":{"line":6,"column":2},"end":{"line":7,"column":26}},"2":{"start":{"line":7,"column":17},"end":{"line":7,"column":25}},"3":{"start":{"line":11,"column":2},"end":{"line":12,"column":26}},"4":{"start":{"line":12,"column":17},"end":{"line":12,"column":25}}},"fnMap":{"0":{"name":"getCategories","decl":{"start":{"line":5,"column":16},"end":{"line":5,"column":29}},"loc":{"start":{"line":5,"column":33},"end":{"line":8,"column":1}},"line":5},"1":{"name":"(anonymous_1)","decl":{"start":{"line":7,"column":10},"end":{"line":7,"column":11}},"loc":{"start":{"line":7,"column":17},"end":{"line":7,"column":25}},"line":7},"2":{"name":"getItems","decl":{"start":{"line":10,"column":16},"end":{"line":10,"column":24}},"loc":{"start":{"line":10,"column":30},"end":{"line":13,"column":1}},"line":10},"3":{"name":"(anonymous_3)","decl":{"start":{"line":12,"column":10},"end":{"line":12,"column":11}},"loc":{"start":{"line":12,"column":17},"end":{"line":12,"column":25}},"line":12}},"branchMap":{},"s":{"0":2,"1":1,"2":1,"3":1,"4":1},"f":{"0":1,"1":1,"2":1,"3":1},"b":{},"_coverageSchema":"1a1c01bbd47fc00a2c39e90264f33305004495a9","hash":"ae5861854631e4a04e482702e6639786f61bb007"}
,"/home/ben/projects/myVoice/server/server.js": {"path":"/home/ben/projects/myVoice/server/server.js","statementMap":{"0":{"start":{"line":1,"column":16},"end":{"line":1,"column":34}},"1":{"start":{"line":2,"column":13},"end":{"line":2,"column":28}},"2":{"start":{"line":4,"column":15},"end":{"line":4,"column":41}},"3":{"start":{"line":6,"column":15},"end":{"line":6,"column":24}},"4":{"start":{"line":8,"column":0},"end":{"line":8,"column":26}},"5":{"start":{"line":9,"column":0},"end":{"line":9,"column":58}},"6":{"start":{"line":11,"column":0},"end":{"line":11,"column":33}},"7":{"start":{"line":13,"column":0},"end":{"line":13,"column":23}}},"fnMap":{},"branchMap":{},"s":{"0":1,"1":1,"2":1,"3":1,"4":1,"5":1,"6":1,"7":1},"f":{},"b":{},"_coverageSchema":"1a1c01bbd47fc00a2c39e90264f33305004495a9","hash":"804d6f3810548cfe458f99dd6ad90e656add13e7"}
,"/home/ben/projects/myVoice/server/db/connection.js": {"path":"/home/ben/projects/myVoice/server/db/connection.js","statementMap":{"0":{"start":{"line":1,"column":13},"end":{"line":1,"column":28}},"1":{"start":{"line":2,"column":15},"end":{"line":2,"column":36}},"2":{"start":{"line":3,"column":12},"end":{"line":3,"column":49}},"3":{"start":{"line":4,"column":19},"end":{"line":4,"column":36}},"4":{"start":{"line":6,"column":0},"end":{"line":6,"column":27}}},"fnMap":{},"branchMap":{"0":{"loc":{"start":{"line":3,"column":12},"end":{"line":3,"column":49}},"type":"binary-expr","locations":[{"start":{"line":3,"column":12},"end":{"line":3,"column":32}},{"start":{"line":3,"column":36},"end":{"line":3,"column":49}}],"line":3}},"s":{"0":2,"1":2,"2":2,"3":2,"4":2},"f":{},"b":{"0":[2,0]},"_coverageSchema":"1a1c01bbd47fc00a2c39e90264f33305004495a9","hash":"15c8547ce192e974cd8c1ba68942dbfec4a91afb"}
,"/home/ben/projects/myVoice/server/db/db.js": {"path":"/home/ben/projects/myVoice/server/db/db.js","statementMap":{"0":{"start":{"line":1,"column":19},"end":{"line":1,"column":42}},"1":{"start":{"line":4,"column":2},"end":{"line":4,"column":34}},"2":{"start":{"line":8,"column":2},"end":{"line":11,"column":100}},"3":{"start":{"line":14,"column":0},"end":{"line":17,"column":1}}},"fnMap":{"0":{"name":"getCategories","decl":{"start":{"line":3,"column":9},"end":{"line":3,"column":22}},"loc":{"start":{"line":3,"column":41},"end":{"line":5,"column":1}},"line":3},"1":{"name":"getItems","decl":{"start":{"line":7,"column":9},"end":{"line":7,"column":17}},"loc":{"start":{"line":7,"column":48},"end":{"line":12,"column":1}},"line":7}},"branchMap":{"0":{"loc":{"start":{"line":3,"column":24},"end":{"line":3,"column":39}},"type":"default-arg","locations":[{"start":{"line":3,"column":29},"end":{"line":3,"column":39}}],"line":3},"1":{"loc":{"start":{"line":7,"column":31},"end":{"line":7,"column":46}},"type":"default-arg","locations":[{"start":{"line":7,"column":36},"end":{"line":7,"column":46}}],"line":7}},"s":{"0":2,"1":1,"2":1,"3":2},"f":{"0":1,"1":1},"b":{"0":[0],"1":[0]},"_coverageSchema":"1a1c01bbd47fc00a2c39e90264f33305004495a9","hash":"1cbb823b7e7d47c652d2989d9cf993ef173535bc"}
,"/home/ben/projects/myVoice/server/db/knexfile.js": {"path":"/home/ben/projects/myVoice/server/db/knexfile.js","statementMap":{"0":{"start":{"line":1,"column":13},"end":{"line":1,"column":28}},"1":{"start":{"line":3,"column":0},"end":{"line":37,"column":1}}},"fnMap":{},"branchMap":{},"s":{"0":2,"1":2},"f":{},"b":{},"_coverageSchema":"1a1c01bbd47fc00a2c39e90264f33305004495a9","hash":"c705ed0bf232b7484ec5d10cf4cc9601e2673898"}
,"/home/ben/projects/myVoice/server/db/migrations/20220223073958_categories.js": {"path":"/home/ben/projects/myVoice/server/db/migrations/20220223073958_categories.js","statementMap":{"0":{"start":{"line":1,"column":0},"end":{"line":6,"column":1}},"1":{"start":{"line":2,"column":2},"end":{"line":5,"column":4}},"2":{"start":{"line":3,"column":4},"end":{"line":3,"column":26}},"3":{"start":{"line":4,"column":4},"end":{"line":4,"column":28}},"4":{"start":{"line":8,"column":0},"end":{"line":10,"column":1}},"5":{"start":{"line":9,"column":2},"end":{"line":9,"column":44}}},"fnMap":{"0":{"name":"(anonymous_0)","decl":{"start":{"line":1,"column":13},"end":{"line":1,"column":14}},"loc":{"start":{"line":1,"column":29},"end":{"line":6,"column":1}},"line":1},"1":{"name":"(anonymous_1)","decl":{"start":{"line":2,"column":47},"end":{"line":2,"column":48}},"loc":{"start":{"line":2,"column":56},"end":{"line":5,"column":3}},"line":2},"2":{"name":"(anonymous_2)","decl":{"start":{"line":8,"column":15},"end":{"line":8,"column":16}},"loc":{"start":{"line":8,"column":31},"end":{"line":10,"column":1}},"line":8}},"branchMap":{},"s":{"0":1,"1":1,"2":1,"3":1,"4":1,"5":0},"f":{"0":1,"1":1,"2":0},"b":{},"_coverageSchema":"1a1c01bbd47fc00a2c39e90264f33305004495a9","hash":"54b52faebe3ec219878d63d235ddb9b9200aed20"}
,"/home/ben/projects/myVoice/server/db/migrations/20220223074026_items.js": {"path":"/home/ben/projects/myVoice/server/db/migrations/20220223074026_items.js","statementMap":{"0":{"start":{"line":1,"column":0},"end":{"line":9,"column":1}},"1":{"start":{"line":2,"column":2},"end":{"line":8,"column":4}},"2":{"start":{"line":3,"column":4},"end":{"line":3,"column":26}},"3":{"start":{"line":4,"column":4},"end":{"line":4,"column":24}},"4":{"start":{"line":5,"column":4},"end":{"line":5,"column":25}},"5":{"start":{"line":6,"column":4},"end":{"line":6,"column":34}},"6":{"start":{"line":7,"column":4},"end":{"line":7,"column":23}},"7":{"start":{"line":11,"column":0},"end":{"line":13,"column":1}},"8":{"start":{"line":12,"column":2},"end":{"line":12,"column":39}}},"fnMap":{"0":{"name":"(anonymous_0)","decl":{"start":{"line":1,"column":13},"end":{"line":1,"column":14}},"loc":{"start":{"line":1,"column":29},"end":{"line":9,"column":1}},"line":1},"1":{"name":"(anonymous_1)","decl":{"start":{"line":2,"column":42},"end":{"line":2,"column":43}},"loc":{"start":{"line":2,"column":51},"end":{"line":8,"column":3}},"line":2},"2":{"name":"(anonymous_2)","decl":{"start":{"line":11,"column":15},"end":{"line":11,"column":16}},"loc":{"start":{"line":11,"column":31},"end":{"line":13,"column":1}},"line":11}},"branchMap":{},"s":{"0":1,"1":1,"2":1,"3":1,"4":1,"5":1,"6":1,"7":1,"8":0},"f":{"0":1,"1":1,"2":0},"b":{},"_coverageSchema":"1a1c01bbd47fc00a2c39e90264f33305004495a9","hash":"937d5ee7f6b3fe7b89ef23f22a66b9ebecb98f5f"}
,"/home/ben/projects/myVoice/server/db/seeds/categories.js": {"path":"/home/ben/projects/myVoice/server/db/seeds/categories.js","statementMap":{"0":{"start":{"line":1,"column":0},"end":{"line":16,"column":1}},"1":{"start":{"line":2,"column":2},"end":{"line":15,"column":6}},"2":{"start":{"line":4,"column":6},"end":{"line":14,"column":8}}},"fnMap":{"0":{"name":"(anonymous_0)","decl":{"start":{"line":1,"column":15},"end":{"line":1,"column":16}},"loc":{"start":{"line":1,"column":31},"end":{"line":16,"column":1}},"line":1},"1":{"name":"(anonymous_1)","decl":{"start":{"line":3,"column":10},"end":{"line":3,"column":11}},"loc":{"start":{"line":3,"column":22},"end":{"line":15,"column":5}},"line":3}},"branchMap":{},"s":{"0":1,"1":2,"2":2},"f":{"0":2,"1":2},"b":{},"_coverageSchema":"1a1c01bbd47fc00a2c39e90264f33305004495a9","hash":"5cc0cdafdaed5c23b72b2cc7da687d24ab6c7ac1"}
,"/home/ben/projects/myVoice/server/db/seeds/items.js": {"path":"/home/ben/projects/myVoice/server/db/seeds/items.js","statementMap":{"0":{"start":{"line":1,"column":0},"end":{"line":109,"column":1}},"1":{"start":{"line":2,"column":2},"end":{"line":108,"column":6}},"2":{"start":{"line":4,"column":6},"end":{"line":107,"column":8}}},"fnMap":{"0":{"name":"(anonymous_0)","decl":{"start":{"line":1,"column":15},"end":{"line":1,"column":16}},"loc":{"start":{"line":1,"column":31},"end":{"line":109,"column":1}},"line":1},"1":{"name":"(anonymous_1)","decl":{"start":{"line":3,"column":10},"end":{"line":3,"column":11}},"loc":{"start":{"line":3,"column":22},"end":{"line":108,"column":5}},"line":3}},"branchMap":{},"s":{"0":1,"1":2,"2":2},"f":{"0":2,"1":2},"b":{},"_coverageSchema":"1a1c01bbd47fc00a2c39e90264f33305004495a9","hash":"a10ce5514802cba650764cca806db1a0257e67b5"}
,"/home/ben/projects/myVoice/server/routes/routes.js": {"path":"/home/ben/projects/myVoice/server/routes/routes.js","statementMap":{"0":{"start":{"line":1,"column":16},"end":{"line":1,"column":34}},"1":{"start":{"line":2,"column":11},"end":{"line":2,"column":30}},"2":{"start":{"line":4,"column":15},"end":{"line":4,"column":31}},"3":{"start":{"line":6,"column":0},"end":{"line":10,"column":2}},"4":{"start":{"line":7,"column":2},"end":{"line":9,"column":40}},"5":{"start":{"line":8,"column":24},"end":{"line":8,"column":44}},"6":{"start":{"line":9,"column":16},"end":{"line":9,"column":39}},"7":{"start":{"line":13,"column":0},"end":{"line":17,"column":2}},"8":{"start":{"line":14,"column":2},"end":{"line":16,"column":40}},"9":{"start":{"line":15,"column":19},"end":{"line":15,"column":34}},"10":{"start":{"line":16,"column":16},"end":{"line":16,"column":39}},"11":{"start":{"line":19,"column":0},"end":{"line":19,"column":23}}},"fnMap":{"0":{"name":"(anonymous_0)","decl":{"start":{"line":6,"column":26},"end":{"line":6,"column":27}},"loc":{"start":{"line":6,"column":40},"end":{"line":10,"column":1}},"line":6},"1":{"name":"(anonymous_1)","decl":{"start":{"line":8,"column":10},"end":{"line":8,"column":11}},"loc":{"start":{"line":8,"column":24},"end":{"line":8,"column":44}},"line":8},"2":{"name":"(anonymous_2)","decl":{"start":{"line":9,"column":11},"end":{"line":9,"column":12}},"loc":{"start":{"line":9,"column":16},"end":{"line":9,"column":39}},"line":9},"3":{"name":"(anonymous_3)","decl":{"start":{"line":13,"column":27},"end":{"line":13,"column":28}},"loc":{"start":{"line":13,"column":41},"end":{"line":17,"column":1}},"line":13},"4":{"name":"(anonymous_4)","decl":{"start":{"line":15,"column":10},"end":{"line":15,"column":11}},"loc":{"start":{"line":15,"column":19},"end":{"line":15,"column":34}},"line":15},"5":{"name":"(anonymous_5)","decl":{"start":{"line":16,"column":11},"end":{"line":16,"column":12}},"loc":{"start":{"line":16,"column":16},"end":{"line":16,"column":39}},"line":16}},"branchMap":{},"s":{"0":1,"1":1,"2":1,"3":1,"4":2,"5":1,"6":1,"7":1,"8":2,"9":1,"10":1,"11":1},"f":{"0":2,"1":1,"2":1,"3":2,"4":1,"5":1},"b":{},"_coverageSchema":"1a1c01bbd47fc00a2c39e90264f33305004495a9","hash":"66d80406893b47ce1c5b402bb1acce33744d7e35"}
}
