{"/Users/carolinasilva/Workspace/Dev-Academy/myVoice/client/actions/activePage.js": {"path":"/Users/carolinasilva/Workspace/Dev-Academy/myVoice/client/actions/activePage.js","statementMap":{"0":{"start":{"line":1,"column":31},"end":{"line":1,"column":48}},"1":{"start":{"line":4,"column":2},"end":{"line":7,"column":3}}},"fnMap":{"0":{"name":"activePage","decl":{"start":{"line":3,"column":16},"end":{"line":3,"column":26}},"loc":{"start":{"line":3,"column":34},"end":{"line":8,"column":1}},"line":3}},"branchMap":{},"s":{"0":1,"1":0},"f":{"0":0},"b":{},"_coverageSchema":"1a1c01bbd47fc00a2c39e90264f33305004495a9","hash":"5a129dd242e702447aaabad0f0bc9e5068a336b8"}
,"/Users/carolinasilva/Workspace/Dev-Academy/myVoice/client/actions/category.js": {"path":"/Users/carolinasilva/Workspace/Dev-Academy/myVoice/client/actions/category.js","statementMap":{"0":{"start":{"line":3,"column":34},"end":{"line":3,"column":54}},"1":{"start":{"line":4,"column":28},"end":{"line":4,"column":42}},"2":{"start":{"line":5,"column":30},"end":{"line":5,"column":46}},"3":{"start":{"line":8,"column":2},"end":{"line":11,"column":3}},"4":{"start":{"line":15,"column":2},"end":{"line":18,"column":3}},"5":{"start":{"line":22,"column":2},"end":{"line":24,"column":3}},"6":{"start":{"line":28,"column":2},"end":{"line":34,"column":3}},"7":{"start":{"line":29,"column":4},"end":{"line":33,"column":8}},"8":{"start":{"line":31,"column":8},"end":{"line":31,"column":47}},"9":{"start":{"line":32,"column":8},"end":{"line":32,"column":19}}},"fnMap":{"0":{"name":"displayCategories","decl":{"start":{"line":7,"column":16},"end":{"line":7,"column":33}},"loc":{"start":{"line":7,"column":47},"end":{"line":12,"column":1}},"line":7},"1":{"name":"setCategory","decl":{"start":{"line":14,"column":16},"end":{"line":14,"column":27}},"loc":{"start":{"line":14,"column":41},"end":{"line":19,"column":1}},"line":14},"2":{"name":"clearCategory","decl":{"start":{"line":21,"column":16},"end":{"line":21,"column":29}},"loc":{"start":{"line":21,"column":33},"end":{"line":25,"column":1}},"line":21},"3":{"name":"fetchCategories","decl":{"start":{"line":27,"column":16},"end":{"line":27,"column":31}},"loc":{"start":{"line":27,"column":35},"end":{"line":35,"column":1}},"line":27},"4":{"name":"(anonymous_4)","decl":{"start":{"line":28,"column":9},"end":{"line":28,"column":10}},"loc":{"start":{"line":28,"column":21},"end":{"line":34,"column":3}},"line":28},"5":{"name":"(anonymous_5)","decl":{"start":{"line":30,"column":12},"end":{"line":30,"column":13}},"loc":{"start":{"line":30,"column":26},"end":{"line":33,"column":7}},"line":30}},"branchMap":{},"s":{"0":1,"1":1,"2":1,"3":0,"4":0,"5":0,"6":0,"7":0,"8":0,"9":0},"f":{"0":0,"1":0,"2":0,"3":0,"4":0,"5":0},"b":{},"_coverageSchema":"1a1c01bbd47fc00a2c39e90264f33305004495a9","hash":"61705635a6a50ea09ce19dcb984bf58fefbdd668"}
,"/Users/carolinasilva/Workspace/Dev-Academy/myVoice/client/actions/index.js": {"path":"/Users/carolinasilva/Workspace/Dev-Academy/myVoice/client/actions/index.js","statementMap":{},"fnMap":{},"branchMap":{},"s":{},"f":{},"b":{},"_coverageSchema":"1a1c01bbd47fc00a2c39e90264f33305004495a9","hash":"9bc5d0724416244856a289ed3f5dce539135e4ff"}
,"/Users/carolinasilva/Workspace/Dev-Academy/myVoice/client/actions/output.js": {"path":"/Users/carolinasilva/Workspace/Dev-Academy/myVoice/client/actions/output.js","statementMap":{"0":{"start":{"line":1,"column":32},"end":{"line":1,"column":50}},"1":{"start":{"line":2,"column":34},"end":{"line":2,"column":54}},"2":{"start":{"line":3,"column":28},"end":{"line":3,"column":42}},"3":{"start":{"line":6,"column":2},"end":{"line":9,"column":3}},"4":{"start":{"line":13,"column":2},"end":{"line":16,"column":3}},"5":{"start":{"line":20,"column":2},"end":{"line":22,"column":3}}},"fnMap":{"0":{"name":"addOutputItem","decl":{"start":{"line":5,"column":16},"end":{"line":5,"column":29}},"loc":{"start":{"line":5,"column":37},"end":{"line":10,"column":1}},"line":5},"1":{"name":"removeLastOutputItem","decl":{"start":{"line":12,"column":16},"end":{"line":12,"column":36}},"loc":{"start":{"line":12,"column":45},"end":{"line":17,"column":1}},"line":12},"2":{"name":"clearOutput","decl":{"start":{"line":19,"column":16},"end":{"line":19,"column":27}},"loc":{"start":{"line":19,"column":31},"end":{"line":23,"column":1}},"line":19}},"branchMap":{},"s":{"0":1,"1":1,"2":1,"3":0,"4":0,"5":0},"f":{"0":0,"1":0,"2":0},"b":{},"_coverageSchema":"1a1c01bbd47fc00a2c39e90264f33305004495a9","hash":"3ae4a5b7c4c6ec6de3405d0cefeb88f33183c264"}
,"/Users/carolinasilva/Workspace/Dev-Academy/myVoice/client/apis/api.js": {"path":"/Users/carolinasilva/Workspace/Dev-Academy/myVoice/client/apis/api.js","statementMap":{"0":{"start":{"line":3,"column":16},"end":{"line":3,"column":29}},"1":{"start":{"line":6,"column":2},"end":{"line":7,"column":26}},"2":{"start":{"line":7,"column":17},"end":{"line":7,"column":25}},"3":{"start":{"line":11,"column":2},"end":{"line":12,"column":26}},"4":{"start":{"line":12,"column":17},"end":{"line":12,"column":25}}},"fnMap":{"0":{"name":"getCategories","decl":{"start":{"line":5,"column":16},"end":{"line":5,"column":29}},"loc":{"start":{"line":5,"column":33},"end":{"line":8,"column":1}},"line":5},"1":{"name":"(anonymous_1)","decl":{"start":{"line":7,"column":10},"end":{"line":7,"column":11}},"loc":{"start":{"line":7,"column":17},"end":{"line":7,"column":25}},"line":7},"2":{"name":"getItems","decl":{"start":{"line":10,"column":16},"end":{"line":10,"column":24}},"loc":{"start":{"line":10,"column":30},"end":{"line":13,"column":1}},"line":10},"3":{"name":"(anonymous_3)","decl":{"start":{"line":12,"column":10},"end":{"line":12,"column":11}},"loc":{"start":{"line":12,"column":17},"end":{"line":12,"column":25}},"line":12}},"branchMap":{},"s":{"0":1,"1":0,"2":0,"3":0,"4":0},"f":{"0":0,"1":0,"2":0,"3":0},"b":{},"_coverageSchema":"1a1c01bbd47fc00a2c39e90264f33305004495a9","hash":"353943e4a695e1b55b9e0f7e1c475b91a6aeaff7"}
,"/Users/carolinasilva/Workspace/Dev-Academy/myVoice/client/components/DisplayCategory.jsx": {"path":"/Users/carolinasilva/Workspace/Dev-Academy/myVoice/client/components/DisplayCategory.jsx","statementMap":{"0":{"start":{"line":8,"column":21},"end":{"line":8,"column":57}},"1":{"start":{"line":8,"column":42},"end":{"line":8,"column":56}},"2":{"start":{"line":9,"column":42},"end":{"line":9,"column":52}},"3":{"start":{"line":11,"column":2},"end":{"line":18,"column":8}},"4":{"start":{"line":12,"column":4},"end":{"line":17,"column":33}},"5":{"start":{"line":14,"column":8},"end":{"line":14,"column":30}},"6":{"start":{"line":15,"column":8},"end":{"line":15,"column":19}},"7":{"start":{"line":17,"column":18},"end":{"line":17,"column":32}},"8":{"start":{"line":20,"column":2},"end":{"line":26,"column":3}},"9":{"start":{"line":23,"column":8},"end":{"line":23,"column":52}}},"fnMap":{"0":{"name":"DisplayCategory","decl":{"start":{"line":7,"column":24},"end":{"line":7,"column":39}},"loc":{"start":{"line":7,"column":43},"end":{"line":27,"column":1}},"line":7},"1":{"name":"(anonymous_1)","decl":{"start":{"line":8,"column":33},"end":{"line":8,"column":34}},"loc":{"start":{"line":8,"column":42},"end":{"line":8,"column":56}},"line":8},"2":{"name":"(anonymous_2)","decl":{"start":{"line":11,"column":12},"end":{"line":11,"column":13}},"loc":{"start":{"line":11,"column":18},"end":{"line":18,"column":3}},"line":11},"3":{"name":"(anonymous_3)","decl":{"start":{"line":13,"column":12},"end":{"line":13,"column":13}},"loc":{"start":{"line":13,"column":23},"end":{"line":16,"column":7}},"line":13},"4":{"name":"(anonymous_4)","decl":{"start":{"line":17,"column":13},"end":{"line":17,"column":14}},"loc":{"start":{"line":17,"column":18},"end":{"line":17,"column":32}},"line":17},"5":{"name":"(anonymous_5)","decl":{"start":{"line":22,"column":25},"end":{"line":22,"column":26}},"loc":{"start":{"line":22,"column":33},"end":{"line":24,"column":7}},"line":22}},"branchMap":{},"s":{"0":2,"1":3,"2":2,"3":2,"4":1,"5":1,"6":1,"7":0,"8":2,"9":2},"f":{"0":2,"1":3,"2":1,"3":1,"4":0,"5":2},"b":{},"_coverageSchema":"1a1c01bbd47fc00a2c39e90264f33305004495a9","hash":"cbd7edd99fc296cd3965c3808e2a5b44d6a7194e"}
,"/Users/carolinasilva/Workspace/Dev-Academy/myVoice/client/components/Item.jsx": {"path":"/Users/carolinasilva/Workspace/Dev-Academy/myVoice/client/components/Item.jsx","statementMap":{"0":{"start":{"line":6,"column":19},"end":{"line":6,"column":32}},"1":{"start":{"line":7,"column":22},"end":{"line":7,"column":32}},"2":{"start":{"line":10,"column":4},"end":{"line":10,"column":22}},"3":{"start":{"line":11,"column":22},"end":{"line":11,"column":35}},"4":{"start":{"line":12,"column":4},"end":{"line":12,"column":38}},"5":{"start":{"line":14,"column":2},"end":{"line":19,"column":3}},"6":{"start":{"line":15,"column":50},"end":{"line":15,"column":105}}},"fnMap":{"0":{"name":"Item","decl":{"start":{"line":5,"column":24},"end":{"line":5,"column":28}},"loc":{"start":{"line":5,"column":37},"end":{"line":20,"column":1}},"line":5},"1":{"name":"handleItemClick","decl":{"start":{"line":9,"column":11},"end":{"line":9,"column":26}},"loc":{"start":{"line":9,"column":44},"end":{"line":13,"column":3}},"line":9},"2":{"name":"(anonymous_2)","decl":{"start":{"line":15,"column":43},"end":{"line":15,"column":44}},"loc":{"start":{"line":15,"column":50},"end":{"line":15,"column":105}},"line":15}},"branchMap":{},"s":{"0":2,"1":2,"2":0,"3":0,"4":0,"5":2,"6":0},"f":{"0":2,"1":0,"2":0},"b":{},"_coverageSchema":"1a1c01bbd47fc00a2c39e90264f33305004495a9","hash":"a70faaabaa552806b7bf34d3143bb154cf1446cc"}
}
