TN:
SF:client/actions/activePage.js
FN:3,activePage
FNF:1
FNH:0
FNDA:0,activePage
DA:1,1
DA:4,0
LF:2
LH:1
BRF:0
BRH:0
end_of_record
TN:
SF:client/actions/category.js
FN:7,displayCategories
FN:14,setCategory
FN:21,clearCategory
FN:27,fetchCategories
FN:28,(anonymous_4)
FN:30,(anonymous_5)
FNF:6
FNH:0
FNDA:0,displayCategories
FNDA:0,setCategory
FNDA:0,clearCategory
FNDA:0,fetchCategories
FNDA:0,(anonymous_4)
FNDA:0,(anonymous_5)
DA:3,1
DA:4,1
DA:5,1
DA:8,0
DA:15,0
DA:22,0
DA:28,0
DA:29,0
DA:31,0
DA:32,0
LF:10
LH:3
BRF:0
BRH:0
end_of_record
TN:
SF:client/actions/index.js
FNF:0
FNH:0
LF:0
LH:0
BRF:0
BRH:0
end_of_record
TN:
SF:client/actions/output.js
FN:5,addOutputItem
FN:12,removeLastOutputItem
FN:19,clearOutput
FNF:3
FNH:0
FNDA:0,addOutputItem
FNDA:0,removeLastOutputItem
FNDA:0,clearOutput
DA:1,1
DA:2,1
DA:3,1
DA:6,0
DA:13,0
DA:20,0
LF:6
LH:3
BRF:0
BRH:0
end_of_record
TN:
SF:client/apis/api.js
FN:5,getCategories
FN:7,(anonymous_1)
FN:10,getItems
FN:12,(anonymous_3)
FNF:4
FNH:0
FNDA:0,getCategories
FNDA:0,(anonymous_1)
FNDA:0,getItems
FNDA:0,(anonymous_3)
DA:3,1
DA:6,0
DA:7,0
DA:11,0
DA:12,0
LF:5
LH:1
BRF:0
BRH:0
end_of_record
TN:
SF:client/components/DisplayCategory.jsx
FN:7,DisplayCategory
FN:8,(anonymous_1)
FN:11,(anonymous_2)
FN:13,(anonymous_3)
FN:17,(anonymous_4)
FN:22,(anonymous_5)
FNF:6
FNH:5
FNDA:2,DisplayCategory
FNDA:3,(anonymous_1)
FNDA:1,(anonymous_2)
FNDA:1,(anonymous_3)
FNDA:0,(anonymous_4)
FNDA:2,(anonymous_5)
DA:8,3
DA:9,2
DA:11,2
DA:12,1
DA:14,1
DA:15,1
DA:17,0
DA:20,2
DA:23,2
LF:9
LH:8
BRF:0
BRH:0
end_of_record
TN:
SF:client/components/Item.jsx
FN:5,Item
FN:9,handleItemClick
FN:15,(anonymous_2)
FNF:3
FNH:1
FNDA:2,Item
FNDA:0,handleItemClick
FNDA:0,(anonymous_2)
DA:6,2
DA:7,2
DA:10,0
DA:11,0
DA:12,0
DA:14,2
DA:15,0
LF:7
LH:3
BRF:0
BRH:0
end_of_record
