TN:
SF:client/actions/category.js
FN:8,displayCategories
FN:15,setCategory
FN:22,clearCategory
FN:28,displayItems
FN:35,fetchCategories
FN:36,(anonymous_5)
FN:38,(anonymous_6)
FN:45,fetchItems
FN:46,(anonymous_8)
FN:48,(anonymous_9)
FNF:10
FNH:10
FNDA:2,displayCategories
FNDA:1,setCategory
FNDA:1,clearCategory
FNDA:2,displayItems
FNDA:1,fetchCategories
FNDA:1,(anonymous_5)
FNDA:1,(anonymous_6)
FNDA:1,fetchItems
FNDA:1,(anonymous_8)
FNDA:1,(anonymous_9)
DA:3,1
DA:4,1
DA:5,1
DA:6,1
DA:9,2
DA:16,1
DA:23,1
DA:29,2
DA:36,1
DA:37,1
DA:39,1
DA:40,1
DA:46,1
DA:47,1
DA:49,1
DA:50,1
LF:16
LH:16
BRF:0
BRH:0
end_of_record
TN:
SF:client/apis/api.js
FN:5,getCategories
FN:7,(anonymous_1)
FN:10,getItems
FN:12,(anonymous_3)
FNF:4
FNH:4
FNDA:1,getCategories
FNDA:1,(anonymous_1)
FNDA:1,getItems
FNDA:1,(anonymous_3)
DA:3,2
DA:6,1
DA:7,1
DA:11,1
DA:12,1
LF:5
LH:5
BRF:0
BRH:0
end_of_record
TN:
SF:server/server.js
FNF:0
FNH:0
DA:1,1
DA:2,1
DA:4,1
DA:6,1
DA:8,1
DA:9,1
DA:11,1
DA:13,1
LF:8
LH:8
BRF:0
BRH:0
end_of_record
TN:
SF:server/db/connection.js
FNF:0
FNH:0
DA:1,2
DA:2,2
DA:3,2
DA:4,2
DA:6,2
LF:5
LH:5
BRDA:3,0,0,2
BRDA:3,0,1,0
BRF:2
BRH:1
end_of_record
TN:
SF:server/db/db.js
FN:3,getCategories
FN:7,getItems
FNF:2
FNH:2
FNDA:1,getCategories
FNDA:1,getItems
DA:1,2
DA:4,1
DA:8,1
DA:14,2
LF:4
LH:4
BRDA:3,0,0,0
BRDA:7,1,0,0
BRF:2
BRH:0
end_of_record
TN:
SF:server/db/knexfile.js
FNF:0
FNH:0
DA:1,2
DA:3,2
LF:2
LH:2
BRF:0
BRH:0
end_of_record
TN:
SF:server/db/migrations/20220223073958_categories.js
FN:1,(anonymous_0)
FN:2,(anonymous_1)
FN:8,(anonymous_2)
FNF:3
FNH:2
FNDA:1,(anonymous_0)
FNDA:1,(anonymous_1)
FNDA:0,(anonymous_2)
DA:1,1
DA:2,1
DA:3,1
DA:4,1
DA:8,1
DA:9,0
LF:6
LH:5
BRF:0
BRH:0
end_of_record
TN:
SF:server/db/migrations/20220223074026_items.js
FN:1,(anonymous_0)
FN:2,(anonymous_1)
FN:11,(anonymous_2)
FNF:3
FNH:2
FNDA:1,(anonymous_0)
FNDA:1,(anonymous_1)
FNDA:0,(anonymous_2)
DA:1,1
DA:2,1
DA:3,1
DA:4,1
DA:5,1
DA:6,1
DA:7,1
DA:11,1
DA:12,0
LF:9
LH:8
BRF:0
BRH:0
end_of_record
TN:
SF:server/db/seeds/categories.js
FN:1,(anonymous_0)
FN:3,(anonymous_1)
FNF:2
FNH:2
FNDA:2,(anonymous_0)
FNDA:2,(anonymous_1)
DA:1,1
DA:2,2
DA:4,2
LF:3
LH:3
BRF:0
BRH:0
end_of_record
TN:
SF:server/db/seeds/items.js
FN:1,(anonymous_0)
FN:3,(anonymous_1)
FNF:2
FNH:2
FNDA:2,(anonymous_0)
FNDA:2,(anonymous_1)
DA:1,1
DA:2,2
DA:4,2
LF:3
LH:3
BRF:0
BRH:0
end_of_record
TN:
SF:server/routes/routes.js
FN:6,(anonymous_0)
FN:8,(anonymous_1)
FN:9,(anonymous_2)
FN:13,(anonymous_3)
FN:15,(anonymous_4)
FN:16,(anonymous_5)
FNF:6
FNH:6
FNDA:2,(anonymous_0)
FNDA:1,(anonymous_1)
FNDA:1,(anonymous_2)
FNDA:2,(anonymous_3)
FNDA:1,(anonymous_4)
FNDA:1,(anonymous_5)
DA:1,1
DA:2,1
DA:4,1
DA:6,1
DA:7,2
DA:8,1
DA:9,1
DA:13,1
DA:14,2
DA:15,1
DA:16,1
DA:19,1
LF:12
LH:12
BRF:0
BRH:0
end_of_record
